\BOOKMARK [1][-]{section.1}{\376\377\145\207\133\127}{}% 1
\BOOKMARK [1][-]{section.2}{\376\377\117\213\133\120}{}% 2
\BOOKMARK [2][-]{subsection.2.1}{\376\377\133\236\232\214\230\230\166\356}{section.2}% 3
\BOOKMARK [2][-]{subsection.2.2}{\376\377\142\100\136\372\172\313\166\204\145\160\133\146\152\041\127\213\060\001\177\026\172\013\140\035\140\363}{section.2}% 4
\BOOKMARK [2][-]{subsection.2.3}{\376\377\143\322\121\145\126\376\162\107}{section.2}% 5
\BOOKMARK [2][-]{subsection.2.1}{\376\377\176\323\147\234\122\006\147\220\123\312\213\364\146\016}{section.2}% 6
\BOOKMARK [2][-]{subsection.2.2}{\376\377\133\236\232\214\140\073\176\323\116\016\117\123\117\032}{section.2}% 7
\BOOKMARK [1][-]{section.3}{\376\377\133\236\232\214\123\237\164\006}{}% 8
\BOOKMARK [2][-]{subsection.3.1}{\376\377\0001}{section.3}% 9
\BOOKMARK [2][-]{subsection.3.2}{\376\377\0002}{section.3}% 10
\BOOKMARK [1][-]{section.4}{\376\377\133\236\232\214\116\352\126\150\116\016\213\325\122\102}{}% 11
\BOOKMARK [2][-]{subsection.4.1}{\376\377\116\352\126\150}{section.4}% 12
\BOOKMARK [2][-]{subsection.4.2}{\376\377\213\325\122\102}{section.4}% 13
\BOOKMARK [1][-]{section.5}{\376\377\133\236\232\214\153\145\232\244}{}% 14
\BOOKMARK [1][-]{section.6}{\376\377\145\160\143\156\213\260\137\125\116\016\131\004\164\006}{}% 15
\BOOKMARK [1][-]{section.7}{\376\377\176\323\147\234\213\250\213\272}{}% 16
\BOOKMARK [2][-]{subsection.7.1}{\376\377\213\357\135\356\122\006\147\220}{section.7}% 17
\BOOKMARK [2][-]{subsection.7.2}{\376\377\163\260\214\141\211\302\133\337\116\016\140\035\200\003}{section.7}% 18
\BOOKMARK [2][-]{subsection.7.3}{\376\377\136\372\213\256}{section.7}% 19
\BOOKMARK [1][-]{section.8}{\376\377\140\035\200\003\230\230}{}% 20
\BOOKMARK [1][-]{section.9}{\376\377\133\236\232\214\140\073\176\323\116\016\117\123\117\032}{}% 21
\BOOKMARK [1][-]{section.10}{\376\377\176\323\147\137\213\355}{}% 22
\BOOKMARK [1][-]{section*.2}{\376\377\000A\000p\000p\000e\000n\000d\000i\000c\000e\000s}{}% 23
\BOOKMARK [1][-]{appendix.A}{\376\377\000c\000o\000d\000e}{}% 24
\BOOKMARK [2][-]{subsection.A.1}{\376\377\172\013\136\217}{appendix.A}% 25
