This is XeTeX, Version 3.14159265-2.6-0.99999 (TeX Live 2018/W32TeX) (preloaded format=xelatex 2019.3.18)  24 MAR 2020 22:28
entering extended mode
 restricted \write18 enabled.
 %&-line parsing enabled.
**normaltitle.tex
(./normaltitle.tex
LaTeX2e <2018-04-01> patch level 2
Babel <3.18> and hyphenation patterns for 84 language(s) loaded.

! LaTeX Error: \maketitle undefined.

See the LaTeX manual or LaTeX Companion for explanation.
Type  H <return>  for immediate help.
 ...                                              
                                                  
l.2 \renewcommand*\maketitle
                            {%
Try typing  <return>  to proceed.
If that doesn't work, type  X <return>  to quit.


! LaTeX Error: Missing \begin{document}.

See the LaTeX manual or LaTeX Companion for explanation.
Type  H <return>  for immediate help.
 ...                                              
                                                  
l.31 \maketitle
               %普通标题
You're in trouble here.  Try typing  <return>  to proceed.
If that doesn't work, type  X <return>  to quit.

! Undefined control sequence.
<argument>  \begin {center} {\xiaoer 
                                     \heiti \@title } \par \begin {center} \...
l.31 \maketitle
               %普通标题
The control sequence at the end of the top line
of your error message was never \def'ed. If you have
misspelled it (e.g., `\hobx'), type `I' and the correct
spelling (e.g., `I\hbox'). Otherwise just continue,
and I'll forget about whatever was undefined.

! Undefined control sequence.
<argument>  \begin {center} {\xiaoer \heiti 
                                            \@title } \par \begin {center} \...
l.31 \maketitle
               %普通标题
The control sequence at the end of the top line
of your error message was never \def'ed. If you have
misspelled it (e.g., `\hobx'), type `I' and the correct
spelling (e.g., `I\hbox'). Otherwise just continue,
and I'll forget about whatever was undefined.


! LaTeX Error: No \title given.

See the LaTeX manual or LaTeX Companion for explanation.
Type  H <return>  for immediate help.
 ...                                              
                                                  
l.31 \maketitle
               %普通标题
Try typing  <return>  to proceed.
If that doesn't work, type  X <return>  to quit.

LaTeX Font Info:    External font `cmex10' loaded for size
(Font)              <7> on input line 31.
LaTeX Font Info:    External font `cmex10' loaded for size
(Font)              <5> on input line 31.
! Undefined control sequence.
<argument> ...h }{1.5} \begin {tabular}{c} \sihao 
                                                  \@author \\ \end {tabular}...
l.31 \maketitle
               %普通标题
The control sequence at the end of the top line
of your error message was never \def'ed. If you have
misspelled it (e.g., `\hobx'), type `I' and the correct
spelling (e.g., `I\hbox'). Otherwise just continue,
and I'll forget about whatever was undefined.


LaTeX Warning: No \author given.


! LaTeX Error: Environment onecolabstract undefined.

See the LaTeX manual or LaTeX Companion for explanation.
Type  H <return>  for immediate help.
 ...                                              
                                                  
l.31 \maketitle
               %普通标题
Your command was ignored.
Type  I <command> <return>  to replace it with another command,
or  <return>  to continue without it.

! Undefined control sequence.
<argument> ...labstract} \linespread {1.1} \wuhao 
                                                  \heiti 摘\hspace {1em}要：\ka...
l.31 \maketitle
               %普通标题
The control sequence at the end of the top line
of your error message was never \def'ed. If you have
misspelled it (e.g., `\hobx'), type `I' and the correct
spelling (e.g., `I\hbox'). Otherwise just continue,
and I'll forget about whatever was undefined.

! Undefined control sequence.
<argument> ...ct} \linespread {1.1} \wuhao \heiti 
                                                  摘\hspace {1em}要：\kaishu \t...
l.31 \maketitle
               %普通标题
The control sequence at the end of the top line
of your error message was never \def'ed. If you have
misspelled it (e.g., `\hobx'), type `I' and the correct
spelling (e.g., `I\hbox'). Otherwise just continue,
and I'll forget about whatever was undefined.

Missing character: There is no 摘 in font nullfont!
Missing character: There is no 要 in font nullfont!
Missing character: There is no ： in font nullfont!
! Undefined control sequence.
<argument> ...uhao \heiti 摘\hspace {1em}要：\kaishu 
                                                  \the \myabstract \par \wuh...
l.31 \maketitle
               %普通标题
The control sequence at the end of the top line
of your error message was never \def'ed. If you have
misspelled it (e.g., `\hobx'), type `I' and the correct
spelling (e.g., `I\hbox'). Otherwise just continue,
and I'll forget about whatever was undefined.

! Undefined control sequence.
<argument> ...ace {1em}要：\kaishu \the \myabstract 
                                                  \par \wuhao \heiti 关键词：\ka...
l.31 \maketitle
               %普通标题
The control sequence at the end of the top line
of your error message was never \def'ed. If you have
misspelled it (e.g., `\hobx'), type `I' and the correct
spelling (e.g., `I\hbox'). Otherwise just continue,
and I'll forget about whatever was undefined.

! You can't use `\def' after \the.
\@restorepar ->\def 
                    \par {\@par }
l.31 \maketitle
               %普通标题
I'm forgetting what you said and using zero instead.

Missing character: There is no 0 in font nullfont!
! Undefined control sequence.
<argument> ...kaishu \the \myabstract \par \wuhao 
                                                  \heiti 关键词：\kaishu \the \m...
l.31 \maketitle
               %普通标题
The control sequence at the end of the top line
of your error message was never \def'ed. If you have
misspelled it (e.g., `\hobx'), type `I' and the correct
spelling (e.g., `I\hbox'). Otherwise just continue,
and I'll forget about whatever was undefined.

! Undefined control sequence.
<argument> ...\the \myabstract \par \wuhao \heiti 
                                                  关键词：\kaishu \the \mykeywor...
l.31 \maketitle
               %普通标题
The control sequence at the end of the top line
of your error message was never \def'ed. If you have
misspelled it (e.g., `\hobx'), type `I' and the correct
spelling (e.g., `I\hbox'). Otherwise just continue,
and I'll forget about whatever was undefined.

Missing character: There is no 关 in font nullfont!
Missing character: There is no 键 in font nullfont!
Missing character: There is no 词 in font nullfont!
Missing character: There is no ： in font nullfont!
! Undefined control sequence.
<argument> ...ract \par \wuhao \heiti 关键词：\kaishu 
                                                  \the \mykeywords \vspace {...
l.31 \maketitle
               %普通标题
The control sequence at the end of the top line
of your error message was never \def'ed. If you have
misspelled it (e.g., `\hobx'), type `I' and the correct
spelling (e.g., `I\hbox'). Otherwise just continue,
and I'll forget about whatever was undefined.

! Undefined control sequence.
<argument> ...\heiti 关键词：\kaishu \the \mykeywords 
                                                  \vspace {1.5em} \end {onec...
l.31 \maketitle
               %普通标题
The control sequence at the end of the top line
of your error message was never \def'ed. If you have
misspelled it (e.g., `\hobx'), type `I' and the correct
spelling (e.g., `I\hbox'). Otherwise just continue,
and I'll forget about whatever was undefined.

! You can't use `\relax' after \the.
\vspace ->\protect 
                   \vspace  
l.31 \maketitle
               %普通标题
I'm forgetting what you said and using zero instead.

Missing character: There is no 0 in font nullfont!

! LaTeX Error: \begin{document} ended by \end{onecolabstract}.

See the LaTeX manual or LaTeX Companion for explanation.
Type  H <return>  for immediate help.
 ...                                              
                                                  
l.31 \maketitle
               %普通标题
Your command was ignored.
Type  I <command> <return>  to replace it with another command,
or  <return>  to continue without it.

)
! Emergency stop.
<*> normaltitle.tex
                   
*** (job aborted, no legal \end found)

 
Here is how much of TeX's memory you used:
 15 strings out of 492970
 159 string characters out of 6137298
 63642 words of memory out of 5000000
 4123 multiletter control sequences out of 15000+600000
 3640 words of font info for 14 fonts, out of 8000000 for 9000
 1348 hyphenation exceptions out of 8191
 22i,7n,13p,71b,212s stack positions out of 5000i,500n,10000p,200000b,80000s
No pages of output.
