This is XeTeX, Version 3.14159265-2.6-0.999992 (TeX Live 2020/W32TeX) (preloaded format=xelatex 2020.6.26)  14 JUL 2020 12:02
entering extended mode
 restricted \write18 enabled.
 %&-line parsing enabled.
**normaltitle_onecolumn.tex
(./normaltitle_onecolumn.tex
LaTeX2e <2020-02-02> patch level 5
L3 programming layer <2020-03-06>

! LaTeX Error: Command \maketitle undefined.

See the LaTeX manual or LaTeX Companion for explanation.
Type  H <return>  for immediate help.
 ...                                              
                                                  
l.2 \renewcommand*\maketitle
                            {%
Try typing  <return>  to proceed.
If that doesn't work, type  X <return>  to quit.


! LaTeX Error: Missing \begin{document}.

See the LaTeX manual or LaTeX Companion for explanation.
Type  H <return>  for immediate help.
 ...                                              
                                                  
l.31 \maketitle
               %普通标题
You're in trouble here.  Try typing  <return>  to proceed.
If that doesn't work, type  X <return>  to quit.


Overfull \hbox (20.0pt too wide) in paragraph at lines 31--31
[] 
 []

! Undefined control sequence.
\maketitle ...read {0.8} \begin {center} {\xiaoer 
                                                  \heiti \@title } \par \beg...
l.31 \maketitle
               %普通标题
The control sequence at the end of the top line
of your error message was never \def'ed. If you have
misspelled it (e.g., `\hobx'), type `I' and the correct
spelling (e.g., `I\hbox'). Otherwise just continue,
and I'll forget about whatever was undefined.

! Undefined control sequence.
\maketitle ....8} \begin {center} {\xiaoer \heiti 
                                                  \@title } \par \begin {cen...
l.31 \maketitle
               %普通标题
The control sequence at the end of the top line
of your error message was never \def'ed. If you have
misspelled it (e.g., `\hobx'), type `I' and the correct
spelling (e.g., `I\hbox'). Otherwise just continue,
and I'll forget about whatever was undefined.


! LaTeX Error: No \title given.

See the LaTeX manual or LaTeX Companion for explanation.
Type  H <return>  for immediate help.
 ...                                              
                                                  
l.31 \maketitle
               %普通标题
Try typing  <return>  to proceed.
If that doesn't work, type  X <return>  to quit.

LaTeX Font Info:    External font `cmex10' loaded for size
(Font)              <7> on input line 31.
LaTeX Font Info:    External font `cmex10' loaded for size
(Font)              <5> on input line 31.
! Undefined control sequence.
\maketitle ...h }{1.5} \begin {tabular}{c} \sihao 
                                                  \@author \\ \end {tabular}...
l.31 \maketitle
               %普通标题
The control sequence at the end of the top line
of your error message was never \def'ed. If you have
misspelled it (e.g., `\hobx'), type `I' and the correct
spelling (e.g., `I\hbox'). Otherwise just continue,
and I'll forget about whatever was undefined.


LaTeX Warning: No \author given.


! LaTeX Error: Environment abstract undefined.

See the LaTeX manual or LaTeX Companion for explanation.
Type  H <return>  for immediate help.
 ...                                              
                                                  
l.31 \maketitle
               %普通标题
Your command was ignored.
Type  I <command> <return>  to replace it with another command,
or  <return>  to continue without it.

! Undefined control sequence.
\maketitle ...{abstract} \linespread {1.1} \wuhao 
                                                  \heiti 摘\hspace {0.8em}要：\...
l.31 \maketitle
               %普通标题
The control sequence at the end of the top line
of your error message was never \def'ed. If you have
misspelled it (e.g., `\hobx'), type `I' and the correct
spelling (e.g., `I\hbox'). Otherwise just continue,
and I'll forget about whatever was undefined.

! Undefined control sequence.
\maketitle ...ct} \linespread {1.1} \wuhao \heiti 
                                                  摘\hspace {0.8em}要：\kaishu ...
l.31 \maketitle
               %普通标题
The control sequence at the end of the top line
of your error message was never \def'ed. If you have
misspelled it (e.g., `\hobx'), type `I' and the correct
spelling (e.g., `I\hbox'). Otherwise just continue,
and I'll forget about whatever was undefined.

Missing character: There is no 摘 in font nullfont!
Missing character: There is no 要 in font nullfont!
Missing character: There is no ： in font nullfont!
! Undefined control sequence.
\maketitle ...ao \heiti 摘\hspace {0.8em}要：\kaishu 
                                                  \the \myabstract \par \wuh...
l.31 \maketitle
               %普通标题
The control sequence at the end of the top line
of your error message was never \def'ed. If you have
misspelled it (e.g., `\hobx'), type `I' and the correct
spelling (e.g., `I\hbox'). Otherwise just continue,
and I'll forget about whatever was undefined.

! Undefined control sequence.
\maketitle ...e {0.8em}要：\kaishu \the \myabstract 
                                                  \par \wuhao \heiti 关键词：\ka...
l.31 \maketitle
               %普通标题
The control sequence at the end of the top line
of your error message was never \def'ed. If you have
misspelled it (e.g., `\hobx'), type `I' and the correct
spelling (e.g., `I\hbox'). Otherwise just continue,
and I'll forget about whatever was undefined.

! You can't use `\def' after \the.
\@restorepar ->\def 
                    \par {\@par }
l.31 \maketitle
               %普通标题
I'm forgetting what you said and using zero instead.

Missing character: There is no 0 in font nullfont!
! Undefined control sequence.
\maketitle ...kaishu \the \myabstract \par \wuhao 
                                                  \heiti 关键词：\kaishu \the \m...
l.31 \maketitle
               %普通标题
The control sequence at the end of the top line
of your error message was never \def'ed. If you have
misspelled it (e.g., `\hobx'), type `I' and the correct
spelling (e.g., `I\hbox'). Otherwise just continue,
and I'll forget about whatever was undefined.

! Undefined control sequence.
\maketitle ...\the \myabstract \par \wuhao \heiti 
                                                  关键词：\kaishu \the \mykeywor...
l.31 \maketitle
               %普通标题
The control sequence at the end of the top line
of your error message was never \def'ed. If you have
misspelled it (e.g., `\hobx'), type `I' and the correct
spelling (e.g., `I\hbox'). Otherwise just continue,
and I'll forget about whatever was undefined.

Missing character: There is no 关 in font nullfont!
Missing character: There is no 键 in font nullfont!
Missing character: There is no 词 in font nullfont!
Missing character: There is no ： in font nullfont!
! Undefined control sequence.
\maketitle ...ract \par \wuhao \heiti 关键词：\kaishu 
                                                  \the \mykeywords \vspace {...
l.31 \maketitle
               %普通标题
The control sequence at the end of the top line
of your error message was never \def'ed. If you have
misspelled it (e.g., `\hobx'), type `I' and the correct
spelling (e.g., `I\hbox'). Otherwise just continue,
and I'll forget about whatever was undefined.

! Undefined control sequence.
\maketitle ...\heiti 关键词：\kaishu \the \mykeywords 
                                                  \vspace {1.5em} \end {abst...
l.31 \maketitle
               %普通标题
The control sequence at the end of the top line
of your error message was never \def'ed. If you have
misspelled it (e.g., `\hobx'), type `I' and the correct
spelling (e.g., `I\hbox'). Otherwise just continue,
and I'll forget about whatever was undefined.

! You can't use `\relax' after \the.
\vspace ->\protect 
                   \vspace  
l.31 \maketitle
               %普通标题
I'm forgetting what you said and using zero instead.

Missing character: There is no 0 in font nullfont!

! LaTeX Error: \begin{document} ended by \end{abstract}.

See the LaTeX manual or LaTeX Companion for explanation.
Type  H <return>  for immediate help.
 ...                                              
                                                  
l.31 \maketitle
               %普通标题
Your command was ignored.
Type  I <command> <return>  to replace it with another command,
or  <return>  to continue without it.

)
! Emergency stop.
<*> normaltitle_onecolumn.tex
                             
*** (job aborted, no legal \end found)

 
Here is how much of TeX's memory you used:
 26 strings out of 479418
 448 string characters out of 5879304
 245334 words of memory out of 5000000
 17646 multiletter control sequences out of 15000+600000
 532338 words of font info for 24 fonts, out of 8000000 for 9000
 1348 hyphenation exceptions out of 8191
 20i,6n,15p,83b,177s stack positions out of 5000i,500n,10000p,200000b,80000s
No pages of output.
